<?xml version="1.0" encoding="UTF-8"?>
<testsuite xmlns:xsi="http://www.w3.org/2001/XMLSchema-instance" xsi:noNamespaceSchemaLocation="https://maven.apache.org/surefire/maven-surefire-plugin/xsd/surefire-test-report-3.0.xsd" version="3.0" name="com.purplevarun.springredisdemo.controller.NumberControllerTest" time="2.477" tests="4" errors="0" skipped="0" failures="0">
  <properties>
[...]
</properties>
  <testcase name="post_missingValue_returns400" classname="com.purplevarun.springredisdemo.controller.NumberControllerTest" time="0.153">
    <system-out><![CDATA[17:16:27.494 [main] INFO org.springframework.test.context.support.AnnotationConfigContextLoaderUtils -- Could not detect default configuration classes for test class [com.purplevarun.springredisdemo.controller.NumberControllerTest]: NumberControllerTest does not declare any static, non-private, non-final, nested classes annotated with @Configuration.
17:16:27.599 [main] INFO org.springframework.boot.test.context.SpringBootTestContextBootstrapper -- Found @SpringBootConfiguration com.purplevarun.springredisdemo.SpringRedisDemoApplication for test class com.purplevarun.springredisdemo.controller.NumberControllerTest

  .   ____          _            __ _ _
 /\\ / ___'_ __ _ _(_)_ __  __ _ \ \ \ \
( ( )\___ | '_ | '_| | '_ \/ _` | \ \ \ \
 \\/  ___)| |_)| | | | | || (_| |  ) ) ) )
  '  |____| .__|_| |_|_| |_\__, | / / / /
 =========|_|==============|___/=/_/_/_/

 :: Spring Boot ::                (v3.3.5)

2026-08-31T17:16:27.950+05:30  INFO 34315 --- [           main] c.p.s.controller.NumberControllerTest    : Starting NumberControllerTest using Java 17.0.15 with PID 34315 (started by vkedi3 in /Users/vkedi3/Documents/Personal/spring-redis-demo)
2026-08-31T17:16:27.951+05:30  INFO 34315 --- [           main] c.p.s.controller.NumberControllerTest    : No active profile set, falling back to 1 default profile: "default"
2026-08-31T17:16:29.538+05:30  INFO 34315 --- [           main] o.s.b.t.m.w.SpringBootMockServletContext : Initializing Spring TestDispatcherServlet ''
2026-08-31T17:16:29.539+05:30  INFO 34315 --- [           main] o.s.t.web.servlet.TestDispatcherServlet  : Initializing Servlet ''
2026-08-31T17:16:29.540+05:30  INFO 34315 --- [           main] o.s.t.web.servlet.TestDispatcherServlet  : Completed initialization in 1 ms
2026-08-31T17:16:29.560+05:30  INFO 34315 --- [           main] c.p.s.controller.NumberControllerTest    : Started NumberControllerTest in 1.908 seconds (process running for 2.791)
2026-08-31T17:16:29.711+05:30  WARN 34315 --- [           main] .w.s.m.s.DefaultHandlerExceptionResolver : Resolved [org.springframework.web.bind.MethodArgumentNotValidException: Validation failed for argument [0] in public com.purplevarun.springredisdemo.model.NumberEntry com.purplevarun.springredisdemo.controller.NumberController.create(com.purplevarun.springredisdemo.dto.NumberRequest): [Field error in object 'numberRequest' on field 'value': rejected value [null]; codes [NotNull.numberRequest.value,NotNull.value,NotNull.java.lang.Integer,NotNull]; arguments [org.springframework.context.support.DefaultMessageSourceResolvable: codes [numberRequest.value,value]; arguments []; default message [value]]; default message [value must not be null]] ]
]]></system-out>
  </testcase>
  <testcase name="post_validRequest_returns201WithCreatedEntry" classname="com.purplevarun.springredisdemo.controller.NumberControllerTest" time="0.07"/>
  <testcase name="get_returnsAllNumbers_200" classname="com.purplevarun.springredisdemo.controller.NumberControllerTest" time="0.011"/>
  <testcase name="get_setsCacheStatusHeader" classname="com.purplevarun.springredisdemo.controller.NumberControllerTest" time="0.004"/>
</testsuite>